expname='Reference', run_ensemble=6, stream='h3', outdir='pcipdata'
REF.001: 5.000 years, 478 tracks
REF.002: 5.000 years, 485 tracks
REF.003: 5.000 years, 495 tracks
REF.004: 5.000 years, 499 tracks
REF.005: 5.000 years, 521 tracks
REF.006: 5.000 years, 464 tracks
RCP.001: 5.000 years, 447 tracks
RCP.002: 5.000 years, 438 tracks
RCP.003: 5.000 years, 465 tracks
RCP.004: 5.000 years, 465 tracks
RCP.005: 5.000 years, 457 tracks
RCP.006: 5.000 years, 474 tracks
SAI.001: 5.000 years, 426 tracks
SAI.002: 5.000 years, 430 tracks
SAI.003: 5.000 years, 413 tracks
SAI.004: 5.000 years, 433 tracks
SAI.005: 5.000 years, 405 tracks
SAI.006: 5.000 years, 421 tracks
Reading combined kerchunk reference file /home/jasperdj/kerchunk/hres_b.e10.B2000_CAM5.f02_t12.started_2002-12_without_SAI.001.cam2.h3.2002-12-01-21600_2007-12-01-21600.json
year=np.int64(2003), 96 TCs
writing to pcipdata/pcip_sum.ref.6.2003.nc
year=np.int64(2004), 106 TCs
writing to pcipdata/pcip_sum.ref.6.2004.nc
year=np.int64(2005), 84 TCs
writing to pcipdata/pcip_sum.ref.6.2005.nc
year=np.int64(2006), 91 TCs
writing to pcipdata/pcip_sum.ref.6.2006.nc
year=np.int64(2007), 87 TCs
writing to pcipdata/pcip_sum.ref.6.2007.nc
expname='RCP8.5', run_ensemble=2, stream='h2', outdir='pcipdata'
REF.001: 5.000 years, 478 tracks
REF.002: 5.000 years, 485 tracks
REF.003: 5.000 years, 495 tracks
REF.004: 5.000 years, 499 tracks
REF.005: 5.000 years, 521 tracks
REF.006: 5.000 years, 464 tracks
RCP.001: 5.000 years, 447 tracks
RCP.002: 5.000 years, 438 tracks
RCP.003: 5.000 years, 465 tracks
RCP.004: 5.000 years, 465 tracks
RCP.005: 5.000 years, 457 tracks
RCP.006: 5.000 years, 474 tracks
SAI.001: 5.000 years, 426 tracks
SAI.002: 5.000 years, 430 tracks
SAI.003: 5.000 years, 413 tracks
SAI.004: 5.000 years, 433 tracks
SAI.005: 5.000 years, 405 tracks
SAI.006: 5.000 years, 421 tracks
Reading combined kerchunk reference file /home/jasperdj/kerchunk/b.e10.B_RCP8.5_CO2_CAM5.f02_t12.started_2092-12.002.cam2.h2.2092-12-01-10800_2098-01-05-10800.json
year=np.int64(2093), 87 TCs
writing to pcipdata/pcip_sum.cnt.2.2093.nc
year=np.int64(2094), 92 TCs
writing to pcipdata/pcip_sum.cnt.2.2094.nc
year=np.int64(2095), 83 TCs
writing to pcipdata/pcip_sum.cnt.2.2095.nc
year=np.int64(2096), 92 TCs
writing to pcipdata/pcip_sum.cnt.2.2096.nc
year=np.int64(2097), 84 TCs
writing to pcipdata/pcip_sum.cnt.2.2097.nc
expname='RCP8.5', run_ensemble=5, stream='h2', outdir='pcipdata'
REF.001: 5.000 years, 478 tracks
REF.002: 5.000 years, 485 tracks
REF.003: 5.000 years, 495 tracks
REF.004: 5.000 years, 499 tracks
REF.005: 5.000 years, 521 tracks
REF.006: 5.000 years, 464 tracks
RCP.001: 5.000 years, 447 tracks
RCP.002: 5.000 years, 438 tracks
RCP.003: 5.000 years, 465 tracks
RCP.004: 5.000 years, 465 tracks
RCP.005: 5.000 years, 457 tracks
RCP.006: 5.000 years, 474 tracks
SAI.001: 5.000 years, 426 tracks
SAI.002: 5.000 years, 430 tracks
SAI.003: 5.000 years, 413 tracks
SAI.004: 5.000 years, 433 tracks
SAI.005: 5.000 years, 405 tracks
SAI.006: 5.000 years, 421 tracks
Reading combined kerchunk reference file /home/jasperdj/kerchunk/b.e10.B_RCP8.5_CO2_CAM5.f02_t12.started_2092-12.005.cam2.h2.2092-12-01-10800_2098-01-05-10800.json
year=np.int64(2093), 93 TCs
writing to pcipdata/pcip_sum.cnt.5.2093.nc
year=np.int64(2094), 96 TCs
writing to pcipdata/pcip_sum.cnt.5.2094.nc
year=np.int64(2095), 96 TCs
writing to pcipdata/pcip_sum.cnt.5.2095.nc
year=np.int64(2096), 91 TCs
writing to pcipdata/pcip_sum.cnt.5.2096.nc
year=np.int64(2097), 81 TCs
writing to pcipdata/pcip_sum.cnt.5.2097.nc
expname='RCP8.5', run_ensemble=4, stream='h2', outdir='pcipdata'
REF.001: 5.000 years, 478 tracks
REF.002: 5.000 years, 485 tracks
REF.003: 5.000 years, 495 tracks
REF.004: 5.000 years, 499 tracks
REF.005: 5.000 years, 521 tracks
REF.006: 5.000 years, 464 tracks
RCP.001: 5.000 years, 447 tracks
RCP.002: 5.000 years, 438 tracks
RCP.003: 5.000 years, 465 tracks
RCP.004: 5.000 years, 465 tracks
RCP.005: 5.000 years, 457 tracks
RCP.006: 5.000 years, 474 tracks
SAI.001: 5.000 years, 426 tracks
SAI.002: 5.000 years, 430 tracks
SAI.003: 5.000 years, 413 tracks
SAI.004: 5.000 years, 433 tracks
SAI.005: 5.000 years, 405 tracks
SAI.006: 5.000 years, 421 tracks
Reading combined kerchunk reference file /home/jasperdj/kerchunk/b.e10.B_RCP8.5_CO2_CAM5.f02_t12.started_2092-12.004.cam2.h2.2092-12-01-10800_2098-01-15-10800.json
year=np.int64(2093), 104 TCs
writing to pcipdata/pcip_sum.cnt.4.2093.nc
year=np.int64(2094), 79 TCs
writing to pcipdata/pcip_sum.cnt.4.2094.nc
year=np.int64(2095), 93 TCs
writing to pcipdata/pcip_sum.cnt.4.2095.nc
year=np.int64(2096), 91 TCs
writing to pcipdata/pcip_sum.cnt.4.2096.nc
year=np.int64(2097), 98 TCs
writing to pcipdata/pcip_sum.cnt.4.2097.nc

JOB STATISTICS
==============
Job ID: 12031594
Cluster: snellius
User/Group: jasperdj/jasperdj
State: RUNNING
Nodes: 1
Cores per node: 16
CPU Utilized: 00:00:00
CPU Efficiency: 0.00% of 05:28:32 core-walltime
Job Wall-clock time: 00:20:32
Memory Utilized: 0.00 MB
Memory Efficiency: 0.00% of 28.00 GB (1.75 GB/core)
WARNING: Efficiency statistics can only be obtained after the job has ended as seff tool is based on the accounting database data.
